Using pre-set license
Built from '2020.3/staging' branch; Version is '2020.3.29f1 (2ff179115da0) revision 3142009'; Using compiler version '192528614'; Build Type 'Release'
OS: 'Windows 10  (10.0.19044) 64bit Core' Language: 'en' Physical Memory: 16253 MB
BatchMode: 1, IsHumanControllingUs: 0, StartBugReporterOnCrash: 0, Is64bit: 1, IsPro: 0

COMMAND LINE ARGUMENTS:
C:\Program Files\Unity\Hub\Editor\2020.3.29f1\Editor\Unity.exe
-adb2
-batchMode
-noUpm
-name
AssetImportWorker0
-projectPath
D:/Users/creep/unity projects/RGB dimensions
-logFile
Logs/AssetImportWorker0.log
-srvPort
65106
Successfully changed project path to: D:/Users/creep/unity projects/RGB dimensions
D:/Users/creep/unity projects/RGB dimensions
Using Asset Import Pipeline V2.
Refreshing native plugins compatible for Editor in 50.26 ms, found 2 plugins.
Preloading 0 native plugins for Editor in 0.00 ms.
Initialize engine version: 2020.3.29f1 (2ff179115da0)
[Subsystems] Discovering subsystems at path C:/Program Files/Unity/Hub/Editor/2020.3.29f1/Editor/Data/Resources/UnitySubsystems
[Subsystems] Discovering subsystems at path D:/Users/creep/unity projects/RGB dimensions/Assets
GfxDevice: creating device client; threaded=0
Direct3D:
    Version:  Direct3D 11.0 [level 11.1]
    Renderer: NVIDIA GeForce GTX 1650 (ID=0x1f82)
    Vendor:   
    VRAM:     3962 MB
    Driver:   30.0.14.7111
Initialize mono
Mono path[0] = 'C:/Program Files/Unity/Hub/Editor/2020.3.29f1/Editor/Data/Managed'
Mono path[1] = 'C:/Program Files/Unity/Hub/Editor/2020.3.29f1/Editor/Data/MonoBleedingEdge/lib/mono/unityjit'
Mono config path = 'C:/Program Files/Unity/Hub/Editor/2020.3.29f1/Editor/Data/MonoBleedingEdge/etc'
Using monoOptions --debugger-agent=transport=dt_socket,embedding=1,server=y,suspend=n,address=127.0.0.1:56940
Begin MonoManager ReloadAssembly
Registering precompiled unity dll's ...
Register platform support module: C:/Program Files/Unity/Hub/Editor/2020.3.29f1/Editor/Data/PlaybackEngines/WindowsStandaloneSupport/UnityEditor.WindowsStandalone.Extensions.dll
Registered in 0.002086 seconds.
Native extension for WindowsStandalone target not found
Refreshing native plugins compatible for Editor in 51.90 ms, found 2 plugins.
Preloading 0 native plugins for Editor in 0.00 ms.
Mono: successfully reloaded assembly
- Completed reload, in  0.535 seconds
Domain Reload Profiling:
	ReloadAssembly (536ms)
		BeginReloadAssembly (64ms)
			ExecutionOrderSort (0ms)
			DisableScriptedObjects (0ms)
			BackupInstance (0ms)
			ReleaseScriptingObjects (0ms)
			CreateAndSetChildDomain (1ms)
		EndReloadAssembly (407ms)
			LoadAssemblies (62ms)
			RebuildTransferFunctionScriptingTraits (0ms)
			SetupTypeCache (128ms)
			ReleaseScriptCaches (0ms)
			RebuildScriptCaches (26ms)
			SetupLoadedEditorAssemblies (164ms)
				LogAssemblyErrors (0ms)
				InitializePlatformSupportModulesInManaged (4ms)
				SetLoadedEditorAssemblies (0ms)
				RefreshPlugins (52ms)
				BeforeProcessingInitializeOnLoad (14ms)
				ProcessInitializeOnLoadAttributes (69ms)
				ProcessInitializeOnLoadMethodAttributes (24ms)
				AfterProcessingInitializeOnLoad (0ms)
				EditorAssembliesLoaded (0ms)
			ExecutionOrderSort2 (0ms)
			AwakeInstancesAfterBackupRestoration (0ms)
Platform modules already initialized, skipping
Registering precompiled user dll's ...
Registered in 0.003374 seconds.
Begin MonoManager ReloadAssembly
Native extension for WindowsStandalone target not found
Refreshing native plugins compatible for Editor in 51.51 ms, found 2 plugins.
Preloading 0 native plugins for Editor in 0.00 ms.
Mono: successfully reloaded assembly
- Completed reload, in  1.121 seconds
Domain Reload Profiling:
	ReloadAssembly (1122ms)
		BeginReloadAssembly (145ms)
			ExecutionOrderSort (0ms)
			DisableScriptedObjects (5ms)
			BackupInstance (0ms)
			ReleaseScriptingObjects (0ms)
			CreateAndSetChildDomain (18ms)
		EndReloadAssembly (923ms)
			LoadAssemblies (103ms)
			RebuildTransferFunctionScriptingTraits (0ms)
			SetupTypeCache (305ms)
			ReleaseScriptCaches (0ms)
			RebuildScriptCaches (62ms)
			SetupLoadedEditorAssemblies (357ms)
				LogAssemblyErrors (0ms)
				InitializePlatformSupportModulesInManaged (3ms)
				SetLoadedEditorAssemblies (0ms)
				RefreshPlugins (52ms)
				BeforeProcessingInitializeOnLoad (92ms)
				ProcessInitializeOnLoadAttributes (193ms)
				ProcessInitializeOnLoadMethodAttributes (10ms)
				AfterProcessingInitializeOnLoad (7ms)
				EditorAssembliesLoaded (0ms)
			ExecutionOrderSort2 (0ms)
			AwakeInstancesAfterBackupRestoration (6ms)
Platform modules already initialized, skipping
========================================================================
Worker process is ready to serve import requests
Launched and connected shader compiler UnityShaderCompiler.exe after 0.04 seconds
Refreshing native plugins compatible for Editor in 0.89 ms, found 2 plugins.
Preloading 0 native plugins for Editor in 0.00 ms.
Unloading 3342 Unused Serialized files (Serialized files now loaded: 0)
System memory in use before: 145.2 MB.
System memory in use after: 145.4 MB.

Unloading 17 unused Assets to reduce memory usage. Loaded Objects now: 3783.
Total: 3.388900 ms (FindLiveObjects: 0.206100 ms CreateObjectMapping: 0.142500 ms MarkObjects: 2.956900 ms  DeleteObjects: 0.082200 ms)

AssetImportParameters requested are different than current active one (requested -> active):
  custom:framework-win-MediaFoundation: 216162199b28c13a410421893ffa2e32 -> 
  custom:video-decoder-ogg-theora: a1e56fd34408186e4bbccfd4996cb3dc -> 
  custom:container-muxer-webm: aa71ff27fc2769a1b78a27578f13a17b -> 
  custom:container-demuxer-webm: 4f35f7cbe854078d1ac9338744f61a02 -> 
  custom:container-demuxer-ogg: 62fdf1f143b41e24485cea50d1cbac27 -> 
  custom:video-encoder-webm-vp8: eb34c28f22e8b96e1ab97ce403110664 -> 
  custom:video-decoder-webm-vp8: 9c59270c3fd7afecdb556c50c9e8de78 -> 
  custom:audio-decoder-ogg-vorbis: bf7c407c2cedff20999df2af8eb42d56 -> 
  custom:audio-encoder-webm-vorbis: bf7c407c2cedff20999df2af8eb42d56 -> 
========================================================================
Received Import Request.
  path: Assets/Models/Door.fbx
  artifactKey: Guid(e140790e11244fb4c936453b02c84ea3) Importer(815301076,1909f56bfc062723c751e8b465ee728b)
Start importing Assets/Models/Door.fbx using Guid(e140790e11244fb4c936453b02c84ea3) Importer(815301076,1909f56bfc062723c751e8b465ee728b)  -> (artifact id: '9555caa4badae24bfb74490af721e3a6') in 0.289563 seconds 
  Import took 0.294852 seconds .

========================================================================
Received Import Request.
  Time since last request: 119.102281 seconds.
  path: Assets/Models/Door.fbx
  artifactKey: Guid(e140790e11244fb4c936453b02c84ea3) Importer(815301076,1909f56bfc062723c751e8b465ee728b)
Start importing Assets/Models/Door.fbx using Guid(e140790e11244fb4c936453b02c84ea3) Importer(815301076,1909f56bfc062723c751e8b465ee728b)  -> (artifact id: '3c0cb66aab0327ff41602cf15ffda2ca') in 0.033075 seconds 
  Import took 0.038421 seconds .

========================================================================
Received Import Request.
  Time since last request: 26.928733 seconds.
  path: Assets/Models/Door.fbx
  artifactKey: Guid(e140790e11244fb4c936453b02c84ea3) Importer(815301076,1909f56bfc062723c751e8b465ee728b)
Start importing Assets/Models/Door.fbx using Guid(e140790e11244fb4c936453b02c84ea3) Importer(815301076,1909f56bfc062723c751e8b465ee728b)  -> (artifact id: 'c70099248c92147990e94d322b92fecb') in 0.023598 seconds 
  Import took 0.028944 seconds .

========================================================================
Received Import Request.
  Time since last request: 35.372797 seconds.
  path: Assets/Models/Door.fbx
  artifactKey: Guid(e140790e11244fb4c936453b02c84ea3) Importer(815301076,1909f56bfc062723c751e8b465ee728b)
Start importing Assets/Models/Door.fbx using Guid(e140790e11244fb4c936453b02c84ea3) Importer(815301076,1909f56bfc062723c751e8b465ee728b)  -> (artifact id: 'ffc442b843f58ee48bc75844ee5c9c84') in 0.026905 seconds 
  Import took 0.031706 seconds .

========================================================================
Received Import Request.
  Time since last request: 589.998210 seconds.
  path: Assets/Models/Prism.fbx
  artifactKey: Guid(109940e63f3e24646b541a214caf70ca) Importer(815301076,1909f56bfc062723c751e8b465ee728b)
Start importing Assets/Models/Prism.fbx using Guid(109940e63f3e24646b541a214caf70ca) Importer(815301076,1909f56bfc062723c751e8b465ee728b)  -> (artifact id: 'f9af211f97a5d8b409ee8d8c9af9463b') in 0.025558 seconds 
  Import took 0.030554 seconds .

========================================================================
Received Import Request.
  Time since last request: 24.955672 seconds.
  path: Assets/Scenes/SampleScene.unity
  artifactKey: Guid(d1c3109bdb54ad54c8a2b2838528e640) Importer(815301076,1909f56bfc062723c751e8b465ee728b)
Start importing Assets/Scenes/SampleScene.unity using Guid(d1c3109bdb54ad54c8a2b2838528e640) Importer(815301076,1909f56bfc062723c751e8b465ee728b)  -> (artifact id: '0a1889fdc048ef734295c97ce70f9c91') in 0.002603 seconds 
  Import took 0.007474 seconds .

========================================================================
Received Import Request.
  Time since last request: 2.349788 seconds.
  path: Assets/Scenes/SampleScene 1.unity
  artifactKey: Guid(7e8f84521bd4fd742a051f66724eac32) Importer(815301076,1909f56bfc062723c751e8b465ee728b)
Start importing Assets/Scenes/SampleScene 1.unity using Guid(7e8f84521bd4fd742a051f66724eac32) Importer(815301076,1909f56bfc062723c751e8b465ee728b)  -> (artifact id: '541676263a12160fa68d17372f99f92c') in 0.002278 seconds 
  Import took 0.007601 seconds .

========================================================================
Received Import Request.
  Time since last request: 9.927979 seconds.
  path: Assets/Scenes/Level 1.unity
  artifactKey: Guid(7e8f84521bd4fd742a051f66724eac32) Importer(815301076,1909f56bfc062723c751e8b465ee728b)
Start importing Assets/Scenes/Level 1.unity using Guid(7e8f84521bd4fd742a051f66724eac32) Importer(815301076,1909f56bfc062723c751e8b465ee728b)  -> (artifact id: '3028c74a89a6a0fd3d85f8411696f5ca') in 0.002291 seconds 
  Import took 0.007042 seconds .

========================================================================
Received Import Request.
  Time since last request: 78.651507 seconds.
  path: Assets/Scenes/!test.unity
  artifactKey: Guid(d1c3109bdb54ad54c8a2b2838528e640) Importer(815301076,1909f56bfc062723c751e8b465ee728b)
Start importing Assets/Scenes/!test.unity using Guid(d1c3109bdb54ad54c8a2b2838528e640) Importer(815301076,1909f56bfc062723c751e8b465ee728b)  -> (artifact id: 'cffa840d1f9d114b7a349779599a9f37') in 0.002094 seconds 
  Import took 0.017590 seconds .

========================================================================
Received Import Request.
  Time since last request: 12.326605 seconds.
  path: Assets/Scenes/Level 0.unity
  artifactKey: Guid(d1c3109bdb54ad54c8a2b2838528e640) Importer(815301076,1909f56bfc062723c751e8b465ee728b)
Start importing Assets/Scenes/Level 0.unity using Guid(d1c3109bdb54ad54c8a2b2838528e640) Importer(815301076,1909f56bfc062723c751e8b465ee728b)  -> (artifact id: '08e60397e1485ee0c33c103fdc3407a7') in 0.002178 seconds 
  Import took 0.012202 seconds .

========================================================================
Received Import Request.
  Time since last request: 472.206933 seconds.
  path: Assets/Models/Cylinder.obj
  artifactKey: Guid(2ade9163a1eec8749bf9191e8fb2cca2) Importer(815301076,1909f56bfc062723c751e8b465ee728b)
Start importing Assets/Models/Cylinder.obj using Guid(2ade9163a1eec8749bf9191e8fb2cca2) Importer(815301076,1909f56bfc062723c751e8b465ee728b)  -> (artifact id: '1a0c2ed988c01cfbfe6cc01da5047a99') in 0.060384 seconds 
  Import took 0.066237 seconds .

========================================================================
Received Import Request.
  Time since last request: 108.264510 seconds.
  path: Assets/Models/CYlinder.fbx
  artifactKey: Guid(bc7e6537741183c44a1f9f3cc079c091) Importer(815301076,1909f56bfc062723c751e8b465ee728b)
Start importing Assets/Models/CYlinder.fbx using Guid(bc7e6537741183c44a1f9f3cc079c091) Importer(815301076,1909f56bfc062723c751e8b465ee728b)  -> (artifact id: '1399d1ab6f873d87810b2aa909dcfcee') in 0.016958 seconds 
  Import took 0.021915 seconds .

AssetImportWorkerClient::OnTransportError - code=2 error=End of file
